<?xml version="1.0" encoding="UTF-8"?>
<coverage generated="1778443365096" clover="3.2.0">
  <project timestamp="1778443365096" name="All files">
    <metrics statements="4" coveredstatements="4" conditionals="8" coveredconditionals="5" methods="1" coveredmethods="1" elements="13" coveredelements="10" complexity="0" loc="4" ncloc="4" packages="1" files="1" classes="1"/>
    <file name="Button.tsx" path="/Users/ingridgusmao/Documents/Projetos/vetcare/frontend/src/components/atoms/Button.tsx">
      <metrics statements="4" coveredstatements="4" conditionals="8" coveredconditionals="5" methods="1" coveredmethods="1"/>
      <line num="22" count="1" type="stmt"/>
      <line num="38" count="1" type="stmt"/>
      <line num="56" count="1" type="cond" truecount="1" falsecount="1"/>
      <line num="60" count="1" type="stmt"/>
    </file>
  </project>
</coverage>
