{"/Users/ingridgusmao/Documents/Projetos/vetcare/frontend/src/components/atoms/Button.tsx": {"path":"/Users/ingridgusmao/Documents/Projetos/vetcare/frontend/src/components/atoms/Button.tsx","statementMap":{"0":{"start":{"line":22,"column":36},"end":{"line":36,"column":null}},"1":{"start":{"line":38,"column":56},"end":{"line":52,"column":null}},"2":{"start":{"line":56,"column":45},"end":{"line":58,"column":8}},"3":{"start":{"line":60,"column":2},"end":{"line":66,"column":null}}},"fnMap":{"0":{"name":"Button","decl":{"start":{"line":13,"column":16},"end":{"line":13,"column":23}},"loc":{"start":{"line":19,"column":16},"end":{"line":66,"column":null}},"line":19}},"branchMap":{"0":{"loc":{"start":{"line":14,"column":2},"end":{"line":14,"column":null}},"type":"default-arg","locations":[{"start":{"line":14,"column":12},"end":{"line":14,"column":null}}],"line":14},"1":{"loc":{"start":{"line":15,"column":2},"end":{"line":15,"column":null}},"type":"default-arg","locations":[{"start":{"line":15,"column":9},"end":{"line":15,"column":null}}],"line":15},"2":{"loc":{"start":{"line":31,"column":14},"end":{"line":31,"column":null}},"type":"cond-expr","locations":[{"start":{"line":31,"column":30},"end":{"line":31,"column":47}},{"start":{"line":31,"column":47},"end":{"line":31,"column":null}}],"line":31},"3":{"loc":{"start":{"line":33,"column":6},"end":{"line":35,"column":null}},"type":"cond-expr","locations":[{"start":{"line":34,"column":10},"end":{"line":34,"column":null}},{"start":{"line":35,"column":10},"end":{"line":35,"column":null}}],"line":33},"4":{"loc":{"start":{"line":56,"column":45},"end":{"line":58,"column":8}},"type":"cond-expr","locations":[{"start":{"line":57,"column":6},"end":{"line":57,"column":null}},{"start":{"line":58,"column":6},"end":{"line":58,"column":8}}],"line":56}},"s":{"0":1,"1":1,"2":1,"3":1},"f":{"0":1},"b":{"0":[1],"1":[1],"2":[0,1],"3":[0,1],"4":[0,1]},"meta":{"lastBranch":5,"lastFunction":1,"lastStatement":4,"seen":{"f:13:16:13:23":0,"b:14:12:14:Infinity":0,"b:15:9:15:Infinity":1,"s:22:36:36:Infinity":0,"b:31:30:31:47:31:47:31:Infinity":2,"b:34:10:34:Infinity:35:10:35:Infinity":3,"s:38:56:52:Infinity":1,"s:56:45:58:8":2,"b:57:6:57:Infinity:58:6:58:8":4,"s:60:2:66:Infinity":3}}}
}
